<?xml version="1.0" encoding="UTF-8"?>
<!-- Generated by org.testng.reporters.JUnitXMLReporter -->
<testsuite ignored="4" hostname="DESKTOP-ICGBU50" failures="0" tests="1" name="Default test" time="20.567" errors="0" timestamp="2024-03-05T11:11:37 PST">
  <testcase classname="sampleseleniumtests.HadlingPopupWindowsAndAlerts" name="handleEntryAd" time="20.497"/>
  <testcase classname="sampleseleniumtests.HadlingPopupWindowsAndAlerts" name="handleAuthenticationPopup" time="0.0">
    <ignored/>
  </testcase> <!-- handleAuthenticationPopup -->
  <testcase classname="sampleseleniumtests.HadlingPopupWindowsAndAlerts" name="handleAlertBox" time="0.0">
    <ignored/>
  </testcase> <!-- handleAlertBox -->
  <testcase classname="sampleseleniumtests.HadlingPopupWindowsAndAlerts" name="handlePromptDialogue" time="0.0">
    <ignored/>
  </testcase> <!-- handlePromptDialogue -->
  <testcase classname="sampleseleniumtests.HadlingPopupWindowsAndAlerts" name="handlePopupWindow" time="0.0">
    <ignored/>
  </testcase> <!-- handlePopupWindow -->
</testsuite> <!-- Default test -->
