<?xml version="1.0" encoding="UTF-8"?>
<!-- Generated by org.testng.reporters.JUnitXMLReporter -->
<testsuite ignored="2" hostname="DESKTOP-ICGBU50" failures="0" tests="1" name="Default test" time="46.877" errors="0" timestamp="2024-03-06T23:13:02 PST">
  <testcase classname="sampleseleniumtests.DateAndTimePickerHandling" name="selectDateAndTime" time="46.75"/>
  <testcase classname="sampleseleniumtests.DateAndTimePickerHandling" name="CloseAd" time="0.0">
    <ignored/>
  </testcase> <!-- CloseAd -->
  <testcase classname="sampleseleniumtests.DateAndTimePickerHandling" name="horizontalSlider" time="0.0">
    <ignored/>
  </testcase> <!-- horizontalSlider -->
</testsuite> <!-- Default test -->
