<?xml version="1.0" encoding="UTF-8"?>
<!-- Generated by org.testng.reporters.JUnitXMLReporter -->
<testsuite ignored="0" hostname="DESKTOP-ICGBU50" failures="1" tests="9" name="Test" time="56.472" errors="0" timestamp="2024-02-10T23:31:31 PST">
  <testcase classname="com.tutorialsninja.testcases.LoginTest" name="verifyLoginWithInvalidCredentials" time="1.625"/>
  <testcase classname="com.tutorialsninja.testcases.LoginTest" name="verifyLoginWithValidCredentials" time="1.33"/>
  <testcase classname="com.tutorialsninja.testcases.LoginTest" name="verifyLoginWithValidEmailAndInvalidPassword" time="1.075"/>
  <testcase classname="com.tutorialsninja.testcases.LoginTest" name="verifyLoginWithoutGivingCredentials" time="0.995"/>
  <testcase classname="com.tutorialsninja.testcases.RegisterTest" name="verifyRegisterationWithMandatoryFields" time="2.239">
    <failure type="java.lang.AssertionError" message="expected [Your Account Has Been Created! abc] but found [Your Account Has Been Created!]">
      <![CDATA[java.lang.AssertionError: expected [Your Account Has Been Created! abc] but found [Your Account Has Been Created!]
at com.tutorialsninja.testcases.RegisterTest.verifyRegisterationWithMandatoryFields(RegisterTest.java:55)
at java.base/java.util.ArrayList.forEach(ArrayList.java:1511)
... Removed 31 stack frames]]>
    </failure>
  </testcase> <!-- verifyRegisterationWithMandatoryFields -->
  <testcase classname="com.tutorialsninja.testcases.RegisterTest" name="verifyRegisterWithExistingEmail" time="0.0">
    <skipped/>
  </testcase> <!-- verifyRegisterWithExistingEmail -->
  <testcase classname="com.tutorialsninja.testcases.RegisterTest" name="verifyRegisterWithoutFillingAnyDetails" time="0.761"/>
  <testcase classname="com.tutorialsninja.testcases.SearchTest" name="searchWithInvalidProduct" time="0.795"/>
  <testcase classname="com.tutorialsninja.testcases.SearchTest" name="searchWithValidProduct" time="0.937"/>
</testsuite> <!-- Test -->
