<?xml version="1.0" encoding="UTF-8"?>
<testng-results ignored="4" total="5" passed="1" failed="0" skipped="0">
  <reporter-output>
  </reporter-output>
  <suite started-at="2024-03-05T11:11:16 PST" name="Default suite" finished-at="2024-03-05T11:11:37 PST" duration-ms="20567">
    <groups>
    </groups>
    <test started-at="2024-03-05T11:11:16 PST" name="Default test" finished-at="2024-03-05T11:11:37 PST" duration-ms="20567">
      <class name="sampleseleniumtests.HadlingPopupWindowsAndAlerts">
        <test-method signature="handleEntryAd()[pri:0, instance:sampleseleniumtests.HadlingPopupWindowsAndAlerts@76a4ebf2]" started-at="2024-03-05T11:11:16 PST" name="handleEntryAd" finished-at="2024-03-05T11:11:37 PST" duration-ms="20497" status="PASS">
          <reporter-output>
          </reporter-output>
        </test-method> <!-- handleEntryAd -->
      </class> <!-- sampleseleniumtests.HadlingPopupWindowsAndAlerts -->
    </test> <!-- Default test -->
  </suite> <!-- Default suite -->
</testng-results>
